[2023-12-11 20:42:47] local.ERROR: View [auth.login] not found. {"exception":"[object] (InvalidArgumentException(code: 0): View [auth.login] not found. at /mnt/7A0845450845019D/Work/Laravel/Own/CURRENT/BIMS-LMS/bims-lms/vendor/laravel/framework/src/Illuminate/View/FileViewFinder.php:137)
[stacktrace]
#0 /mnt/7A0845450845019D/Work/Laravel/Own/CURRENT/BIMS-LMS/bims-lms/vendor/laravel/framework/src/Illuminate/View/FileViewFinder.php(79): Illuminate\\View\\FileViewFinder->findInPaths()
#1 /mnt/7A0845450845019D/Work/Laravel/Own/CURRENT/BIMS-LMS/bims-lms/vendor/laravel/framework/src/Illuminate/View/Factory.php(137): Illuminate\\View\\FileViewFinder->find()
#2 /mnt/7A0845450845019D/Work/Laravel/Own/CURRENT/BIMS-LMS/bims-lms/vendor/laravel/framework/src/Illuminate/Foundation/helpers.php(1020): Illuminate\\View\\Factory->make()
#3 laravel-serializable-closure://function ()
{
    return \\view('auth.login');
}(4): view()
#4 /mnt/7A0845450845019D/Work/Laravel/Own/CURRENT/BIMS-LMS/bims-lms/vendor/laravel/framework/src/Illuminate/Routing/CallableDispatcher.php(40): Illuminate\\Routing\\RouteFileRegistrar::{closure}()
#5 /mnt/7A0845450845019D/Work/Laravel/Own/CURRENT/BIMS-LMS/bims-lms/vendor/laravel/framework/src/Illuminate/Routing/Route.php(237): Illuminate\\Routing\\CallableDispatcher->dispatch()
#6 /mnt/7A0845450845019D/Work/Laravel/Own/CURRENT/BIMS-LMS/bims-lms/vendor/laravel/framework/src/Illuminate/Routing/Route.php(208): Illuminate\\Routing\\Route->runCallable()
#7 /mnt/7A0845450845019D/Work/Laravel/Own/CURRENT/BIMS-LMS/bims-lms/vendor/laravel/framework/src/Illuminate/Routing/Router.php(799): Illuminate\\Routing\\Route->run()
#8 /mnt/7A0845450845019D/Work/Laravel/Own/CURRENT/BIMS-LMS/bims-lms/vendor/laravel/framework/src/Illuminate/Pipeline/Pipeline.php(141): Illuminate\\Routing\\Router->Illuminate\\Routing\\{closure}()
#9 /mnt/7A0845450845019D/Work/Laravel/Own/CURRENT/BIMS-LMS/bims-lms/vendor/laravel/framework/src/Illuminate/Routing/Middleware/SubstituteBindings.php(50): Illuminate\\Pipeline\\Pipeline->Illuminate\\Pipeline\\{closure}()
#10 /mnt/7A0845450845019D/Work/Laravel/Own/CURRENT/BIMS-LMS/bims-lms/vendor/laravel/framework/src/Illuminate/Pipeline/Pipeline.php(180): Illuminate\\Routing\\Middleware\\SubstituteBindings->handle()
#11 /mnt/7A0845450845019D/Work/Laravel/Own/CURRENT/BIMS-LMS/bims-lms/vendor/laravel/framework/src/Illuminate/Foundation/Http/Middleware/VerifyCsrfToken.php(78): Illuminate\\Pipeline\\Pipeline->Illuminate\\Pipeline\\{closure}()
#12 /mnt/7A0845450845019D/Work/Laravel/Own/CURRENT/BIMS-LMS/bims-lms/vendor/laravel/framework/src/Illuminate/Pipeline/Pipeline.php(180): Illuminate\\Foundation\\Http\\Middleware\\VerifyCsrfToken->handle()
#13 /mnt/7A0845450845019D/Work/Laravel/Own/CURRENT/BIMS-LMS/bims-lms/vendor/laravel/framework/src/Illuminate/View/Middleware/ShareErrorsFromSession.php(49): Illuminate\\Pipeline\\Pipeline->Illuminate\\Pipeline\\{closure}()
#14 /mnt/7A0845450845019D/Work/Laravel/Own/CURRENT/BIMS-LMS/bims-lms/vendor/laravel/framework/src/Illuminate/Pipeline/Pipeline.php(180): Illuminate\\View\\Middleware\\ShareErrorsFromSession->handle()
#15 /mnt/7A0845450845019D/Work/Laravel/Own/CURRENT/BIMS-LMS/bims-lms/vendor/laravel/framework/src/Illuminate/Session/Middleware/StartSession.php(121): Illuminate\\Pipeline\\Pipeline->Illuminate\\Pipeline\\{closure}()
#16 /mnt/7A0845450845019D/Work/Laravel/Own/CURRENT/BIMS-LMS/bims-lms/vendor/laravel/framework/src/Illuminate/Session/Middleware/StartSession.php(64): Illuminate\\Session\\Middleware\\StartSession->handleStatefulRequest()
#17 /mnt/7A0845450845019D/Work/Laravel/Own/CURRENT/BIMS-LMS/bims-lms/vendor/laravel/framework/src/Illuminate/Pipeline/Pipeline.php(180): Illuminate\\Session\\Middleware\\StartSession->handle()
#18 /mnt/7A0845450845019D/Work/Laravel/Own/CURRENT/BIMS-LMS/bims-lms/vendor/laravel/framework/src/Illuminate/Cookie/Middleware/AddQueuedCookiesToResponse.php(37): Illuminate\\Pipeline\\Pipeline->Illuminate\\Pipeline\\{closure}()
#19 /mnt/7A0845450845019D/Work/Laravel/Own/CURRENT/BIMS-LMS/bims-lms/vendor/laravel/framework/src/Illuminate/Pipeline/Pipeline.php(180): Illuminate\\Cookie\\Middleware\\AddQueuedCookiesToResponse->handle()
#20 /mnt/7A0845450845019D/Work/Laravel/Own/CURRENT/BIMS-LMS/bims-lms/vendor/laravel/framework/src/Illuminate/Cookie/Middleware/EncryptCookies.php(67): Illuminate\\Pipeline\\Pipeline->Illuminate\\Pipeline\\{closure}()
#21 /mnt/7A0845450845019D/Work/Laravel/Own/CURRENT/BIMS-LMS/bims-lms/vendor/laravel/framework/src/Illuminate/Pipeline/Pipeline.php(180): Illuminate\\Cookie\\Middleware\\EncryptCookies->handle()
#22 /mnt/7A0845450845019D/Work/Laravel/Own/CURRENT/BIMS-LMS/bims-lms/vendor/laravel/framework/src/Illuminate/Pipeline/Pipeline.php(116): Illuminate\\Pipeline\\Pipeline->Illuminate\\Pipeline\\{closure}()
#23 /mnt/7A0845450845019D/Work/Laravel/Own/CURRENT/BIMS-LMS/bims-lms/vendor/laravel/framework/src/Illuminate/Routing/Router.php(798): Illuminate\\Pipeline\\Pipeline->then()
#24 /mnt/7A0845450845019D/Work/Laravel/Own/CURRENT/BIMS-LMS/bims-lms/vendor/laravel/framework/src/Illuminate/Routing/Router.php(777): Illuminate\\Routing\\Router->runRouteWithinStack()
#25 /mnt/7A0845450845019D/Work/Laravel/Own/CURRENT/BIMS-LMS/bims-lms/vendor/laravel/framework/src/Illuminate/Routing/Router.php(741): Illuminate\\Routing\\Router->runRoute()
#26 /mnt/7A0845450845019D/Work/Laravel/Own/CURRENT/BIMS-LMS/bims-lms/vendor/laravel/framework/src/Illuminate/Routing/Router.php(730): Illuminate\\Routing\\Router->dispatchToRoute()
#27 /mnt/7A0845450845019D/Work/Laravel/Own/CURRENT/BIMS-LMS/bims-lms/vendor/laravel/framework/src/Illuminate/Foundation/Http/Kernel.php(200): Illuminate\\Routing\\Router->dispatch()
#28 /mnt/7A0845450845019D/Work/Laravel/Own/CURRENT/BIMS-LMS/bims-lms/vendor/laravel/framework/src/Illuminate/Pipeline/Pipeline.php(141): Illuminate\\Foundation\\Http\\Kernel->Illuminate\\Foundation\\Http\\{closure}()
#29 /mnt/7A0845450845019D/Work/Laravel/Own/CURRENT/BIMS-LMS/bims-lms/vendor/barryvdh/laravel-debugbar/src/Middleware/InjectDebugbar.php(66): Illuminate\\Pipeline\\Pipeline->Illuminate\\Pipeline\\{closure}()
#30 /mnt/7A0845450845019D/Work/Laravel/Own/CURRENT/BIMS-LMS/bims-lms/vendor/laravel/framework/src/Illuminate/Pipeline/Pipeline.php(180): Barryvdh\\Debugbar\\Middleware\\InjectDebugbar->handle()
#31 /mnt/7A0845450845019D/Work/Laravel/Own/CURRENT/BIMS-LMS/bims-lms/vendor/laravel/framework/src/Illuminate/Foundation/Http/Middleware/TransformsRequest.php(21): Illuminate\\Pipeline\\Pipeline->Illuminate\\Pipeline\\{closure}()
#32 /mnt/7A0845450845019D/Work/Laravel/Own/CURRENT/BIMS-LMS/bims-lms/vendor/laravel/framework/src/Illuminate/Foundation/Http/Middleware/ConvertEmptyStringsToNull.php(31): Illuminate\\Foundation\\Http\\Middleware\\TransformsRequest->handle()
#33 /mnt/7A0845450845019D/Work/Laravel/Own/CURRENT/BIMS-LMS/bims-lms/vendor/laravel/framework/src/Illuminate/Pipeline/Pipeline.php(180): Illuminate\\Foundation\\Http\\Middleware\\ConvertEmptyStringsToNull->handle()
#34 /mnt/7A0845450845019D/Work/Laravel/Own/CURRENT/BIMS-LMS/bims-lms/vendor/laravel/framework/src/Illuminate/Foundation/Http/Middleware/TransformsRequest.php(21): Illuminate\\Pipeline\\Pipeline->Illuminate\\Pipeline\\{closure}()
#35 /mnt/7A0845450845019D/Work/Laravel/Own/CURRENT/BIMS-LMS/bims-lms/vendor/laravel/framework/src/Illuminate/Foundation/Http/Middleware/TrimStrings.php(40): Illuminate\\Foundation\\Http\\Middleware\\TransformsRequest->handle()
#36 /mnt/7A0845450845019D/Work/Laravel/Own/CURRENT/BIMS-LMS/bims-lms/vendor/laravel/framework/src/Illuminate/Pipeline/Pipeline.php(180): Illuminate\\Foundation\\Http\\Middleware\\TrimStrings->handle()
#37 /mnt/7A0845450845019D/Work/Laravel/Own/CURRENT/BIMS-LMS/bims-lms/vendor/laravel/framework/src/Illuminate/Foundation/Http/Middleware/ValidatePostSize.php(27): Illuminate\\Pipeline\\Pipeline->Illuminate\\Pipeline\\{closure}()
#38 /mnt/7A0845450845019D/Work/Laravel/Own/CURRENT/BIMS-LMS/bims-lms/vendor/laravel/framework/src/Illuminate/Pipeline/Pipeline.php(180): Illuminate\\Foundation\\Http\\Middleware\\ValidatePostSize->handle()
#39 /mnt/7A0845450845019D/Work/Laravel/Own/CURRENT/BIMS-LMS/bims-lms/vendor/laravel/framework/src/Illuminate/Foundation/Http/Middleware/PreventRequestsDuringMaintenance.php(86): Illuminate\\Pipeline\\Pipeline->Illuminate\\Pipeline\\{closure}()
#40 /mnt/7A0845450845019D/Work/Laravel/Own/CURRENT/BIMS-LMS/bims-lms/vendor/laravel/framework/src/Illuminate/Pipeline/Pipeline.php(180): Illuminate\\Foundation\\Http\\Middleware\\PreventRequestsDuringMaintenance->handle()
#41 /mnt/7A0845450845019D/Work/Laravel/Own/CURRENT/BIMS-LMS/bims-lms/vendor/laravel/framework/src/Illuminate/Http/Middleware/HandleCors.php(49): Illuminate\\Pipeline\\Pipeline->Illuminate\\Pipeline\\{closure}()
#42 /mnt/7A0845450845019D/Work/Laravel/Own/CURRENT/BIMS-LMS/bims-lms/vendor/laravel/framework/src/Illuminate/Pipeline/Pipeline.php(180): Illuminate\\Http\\Middleware\\HandleCors->handle()
#43 /mnt/7A0845450845019D/Work/Laravel/Own/CURRENT/BIMS-LMS/bims-lms/vendor/laravel/framework/src/Illuminate/Http/Middleware/TrustProxies.php(39): Illuminate\\Pipeline\\Pipeline->Illuminate\\Pipeline\\{closure}()
#44 /mnt/7A0845450845019D/Work/Laravel/Own/CURRENT/BIMS-LMS/bims-lms/vendor/laravel/framework/src/Illuminate/Pipeline/Pipeline.php(180): Illuminate\\Http\\Middleware\\TrustProxies->handle()
#45 /mnt/7A0845450845019D/Work/Laravel/Own/CURRENT/BIMS-LMS/bims-lms/vendor/laravel/framework/src/Illuminate/Pipeline/Pipeline.php(116): Illuminate\\Pipeline\\Pipeline->Illuminate\\Pipeline\\{closure}()
#46 /mnt/7A0845450845019D/Work/Laravel/Own/CURRENT/BIMS-LMS/bims-lms/vendor/laravel/framework/src/Illuminate/Foundation/Http/Kernel.php(175): Illuminate\\Pipeline\\Pipeline->then()
#47 /mnt/7A0845450845019D/Work/Laravel/Own/CURRENT/BIMS-LMS/bims-lms/vendor/laravel/framework/src/Illuminate/Foundation/Http/Kernel.php(144): Illuminate\\Foundation\\Http\\Kernel->sendRequestThroughRouter()
#48 /mnt/7A0845450845019D/Work/Laravel/Own/CURRENT/BIMS-LMS/bims-lms/public/index.php(51): Illuminate\\Foundation\\Http\\Kernel->handle()
#49 /mnt/7A0845450845019D/Work/Laravel/Own/CURRENT/BIMS-LMS/bims-lms/server.php(21): require_once('...')
#50 {main}
"} 
[2023-12-11 20:42:48] local.ERROR: file_put_contents(E:\Work\Laravel\Own\CURRENT\BIMS-LMS\bims-lms\storage\framework/sessions/IQ6wjbwQrQaFjR0CjeG8Q46F31aLWL261fb5gvb3): Failed to open stream: No such file or directory {"exception":"[object] (ErrorException(code: 0): file_put_contents(E:\\Work\\Laravel\\Own\\CURRENT\\BIMS-LMS\\bims-lms\\storage\\framework/sessions/IQ6wjbwQrQaFjR0CjeG8Q46F31aLWL261fb5gvb3): Failed to open stream: No such file or directory at /mnt/7A0845450845019D/Work/Laravel/Own/CURRENT/BIMS-LMS/bims-lms/vendor/laravel/framework/src/Illuminate/Filesystem/Filesystem.php:205)
[stacktrace]
#0 /mnt/7A0845450845019D/Work/Laravel/Own/CURRENT/BIMS-LMS/bims-lms/vendor/laravel/framework/src/Illuminate/Foundation/Bootstrap/HandleExceptions.php(254): Illuminate\\Foundation\\Bootstrap\\HandleExceptions->handleError()
#1 [internal function]: Illuminate\\Foundation\\Bootstrap\\HandleExceptions->Illuminate\\Foundation\\Bootstrap\\{closure}()
#2 /mnt/7A0845450845019D/Work/Laravel/Own/CURRENT/BIMS-LMS/bims-lms/vendor/laravel/framework/src/Illuminate/Filesystem/Filesystem.php(205): file_put_contents()
#3 /mnt/7A0845450845019D/Work/Laravel/Own/CURRENT/BIMS-LMS/bims-lms/vendor/laravel/framework/src/Illuminate/Session/FileSessionHandler.php(90): Illuminate\\Filesystem\\Filesystem->put()
#4 /mnt/7A0845450845019D/Work/Laravel/Own/CURRENT/BIMS-LMS/bims-lms/vendor/laravel/framework/src/Illuminate/Session/Store.php(172): Illuminate\\Session\\FileSessionHandler->write()
#5 /mnt/7A0845450845019D/Work/Laravel/Own/CURRENT/BIMS-LMS/bims-lms/vendor/laravel/framework/src/Illuminate/Session/Middleware/StartSession.php(238): Illuminate\\Session\\Store->save()
#6 /mnt/7A0845450845019D/Work/Laravel/Own/CURRENT/BIMS-LMS/bims-lms/vendor/laravel/framework/src/Illuminate/Session/Middleware/StartSession.php(130): Illuminate\\Session\\Middleware\\StartSession->saveSession()
#7 /mnt/7A0845450845019D/Work/Laravel/Own/CURRENT/BIMS-LMS/bims-lms/vendor/laravel/framework/src/Illuminate/Session/Middleware/StartSession.php(64): Illuminate\\Session\\Middleware\\StartSession->handleStatefulRequest()
#8 /mnt/7A0845450845019D/Work/Laravel/Own/CURRENT/BIMS-LMS/bims-lms/vendor/laravel/framework/src/Illuminate/Pipeline/Pipeline.php(180): Illuminate\\Session\\Middleware\\StartSession->handle()
#9 /mnt/7A0845450845019D/Work/Laravel/Own/CURRENT/BIMS-LMS/bims-lms/vendor/laravel/framework/src/Illuminate/Cookie/Middleware/AddQueuedCookiesToResponse.php(37): Illuminate\\Pipeline\\Pipeline->Illuminate\\Pipeline\\{closure}()
#10 /mnt/7A0845450845019D/Work/Laravel/Own/CURRENT/BIMS-LMS/bims-lms/vendor/laravel/framework/src/Illuminate/Pipeline/Pipeline.php(180): Illuminate\\Cookie\\Middleware\\AddQueuedCookiesToResponse->handle()
#11 /mnt/7A0845450845019D/Work/Laravel/Own/CURRENT/BIMS-LMS/bims-lms/vendor/laravel/framework/src/Illuminate/Cookie/Middleware/EncryptCookies.php(67): Illuminate\\Pipeline\\Pipeline->Illuminate\\Pipeline\\{closure}()
#12 /mnt/7A0845450845019D/Work/Laravel/Own/CURRENT/BIMS-LMS/bims-lms/vendor/laravel/framework/src/Illuminate/Pipeline/Pipeline.php(180): Illuminate\\Cookie\\Middleware\\EncryptCookies->handle()
#13 /mnt/7A0845450845019D/Work/Laravel/Own/CURRENT/BIMS-LMS/bims-lms/vendor/laravel/framework/src/Illuminate/Pipeline/Pipeline.php(116): Illuminate\\Pipeline\\Pipeline->Illuminate\\Pipeline\\{closure}()
#14 /mnt/7A0845450845019D/Work/Laravel/Own/CURRENT/BIMS-LMS/bims-lms/vendor/laravel/framework/src/Illuminate/Routing/Router.php(798): Illuminate\\Pipeline\\Pipeline->then()
#15 /mnt/7A0845450845019D/Work/Laravel/Own/CURRENT/BIMS-LMS/bims-lms/vendor/laravel/framework/src/Illuminate/Routing/Router.php(777): Illuminate\\Routing\\Router->runRouteWithinStack()
#16 /mnt/7A0845450845019D/Work/Laravel/Own/CURRENT/BIMS-LMS/bims-lms/vendor/laravel/framework/src/Illuminate/Routing/Router.php(741): Illuminate\\Routing\\Router->runRoute()
#17 /mnt/7A0845450845019D/Work/Laravel/Own/CURRENT/BIMS-LMS/bims-lms/vendor/laravel/framework/src/Illuminate/Routing/Router.php(730): Illuminate\\Routing\\Router->dispatchToRoute()
#18 /mnt/7A0845450845019D/Work/Laravel/Own/CURRENT/BIMS-LMS/bims-lms/vendor/laravel/framework/src/Illuminate/Foundation/Http/Kernel.php(200): Illuminate\\Routing\\Router->dispatch()
#19 /mnt/7A0845450845019D/Work/Laravel/Own/CURRENT/BIMS-LMS/bims-lms/vendor/laravel/framework/src/Illuminate/Pipeline/Pipeline.php(141): Illuminate\\Foundation\\Http\\Kernel->Illuminate\\Foundation\\Http\\{closure}()
#20 /mnt/7A0845450845019D/Work/Laravel/Own/CURRENT/BIMS-LMS/bims-lms/vendor/barryvdh/laravel-debugbar/src/Middleware/InjectDebugbar.php(66): Illuminate\\Pipeline\\Pipeline->Illuminate\\Pipeline\\{closure}()
#21 /mnt/7A0845450845019D/Work/Laravel/Own/CURRENT/BIMS-LMS/bims-lms/vendor/laravel/framework/src/Illuminate/Pipeline/Pipeline.php(180): Barryvdh\\Debugbar\\Middleware\\InjectDebugbar->handle()
#22 /mnt/7A0845450845019D/Work/Laravel/Own/CURRENT/BIMS-LMS/bims-lms/vendor/laravel/framework/src/Illuminate/Foundation/Http/Middleware/TransformsRequest.php(21): Illuminate\\Pipeline\\Pipeline->Illuminate\\Pipeline\\{closure}()
#23 /mnt/7A0845450845019D/Work/Laravel/Own/CURRENT/BIMS-LMS/bims-lms/vendor/laravel/framework/src/Illuminate/Foundation/Http/Middleware/ConvertEmptyStringsToNull.php(31): Illuminate\\Foundation\\Http\\Middleware\\TransformsRequest->handle()
#24 /mnt/7A0845450845019D/Work/Laravel/Own/CURRENT/BIMS-LMS/bims-lms/vendor/laravel/framework/src/Illuminate/Pipeline/Pipeline.php(180): Illuminate\\Foundation\\Http\\Middleware\\ConvertEmptyStringsToNull->handle()
#25 /mnt/7A0845450845019D/Work/Laravel/Own/CURRENT/BIMS-LMS/bims-lms/vendor/laravel/framework/src/Illuminate/Foundation/Http/Middleware/TransformsRequest.php(21): Illuminate\\Pipeline\\Pipeline->Illuminate\\Pipeline\\{closure}()
#26 /mnt/7A0845450845019D/Work/Laravel/Own/CURRENT/BIMS-LMS/bims-lms/vendor/laravel/framework/src/Illuminate/Foundation/Http/Middleware/TrimStrings.php(40): Illuminate\\Foundation\\Http\\Middleware\\TransformsRequest->handle()
#27 /mnt/7A0845450845019D/Work/Laravel/Own/CURRENT/BIMS-LMS/bims-lms/vendor/laravel/framework/src/Illuminate/Pipeline/Pipeline.php(180): Illuminate\\Foundation\\Http\\Middleware\\TrimStrings->handle()
#28 /mnt/7A0845450845019D/Work/Laravel/Own/CURRENT/BIMS-LMS/bims-lms/vendor/laravel/framework/src/Illuminate/Foundation/Http/Middleware/ValidatePostSize.php(27): Illuminate\\Pipeline\\Pipeline->Illuminate\\Pipeline\\{closure}()
#29 /mnt/7A0845450845019D/Work/Laravel/Own/CURRENT/BIMS-LMS/bims-lms/vendor/laravel/framework/src/Illuminate/Pipeline/Pipeline.php(180): Illuminate\\Foundation\\Http\\Middleware\\ValidatePostSize->handle()
#30 /mnt/7A0845450845019D/Work/Laravel/Own/CURRENT/BIMS-LMS/bims-lms/vendor/laravel/framework/src/Illuminate/Foundation/Http/Middleware/PreventRequestsDuringMaintenance.php(86): Illuminate\\Pipeline\\Pipeline->Illuminate\\Pipeline\\{closure}()
#31 /mnt/7A0845450845019D/Work/Laravel/Own/CURRENT/BIMS-LMS/bims-lms/vendor/laravel/framework/src/Illuminate/Pipeline/Pipeline.php(180): Illuminate\\Foundation\\Http\\Middleware\\PreventRequestsDuringMaintenance->handle()
#32 /mnt/7A0845450845019D/Work/Laravel/Own/CURRENT/BIMS-LMS/bims-lms/vendor/laravel/framework/src/Illuminate/Http/Middleware/HandleCors.php(49): Illuminate\\Pipeline\\Pipeline->Illuminate\\Pipeline\\{closure}()
#33 /mnt/7A0845450845019D/Work/Laravel/Own/CURRENT/BIMS-LMS/bims-lms/vendor/laravel/framework/src/Illuminate/Pipeline/Pipeline.php(180): Illuminate\\Http\\Middleware\\HandleCors->handle()
#34 /mnt/7A0845450845019D/Work/Laravel/Own/CURRENT/BIMS-LMS/bims-lms/vendor/laravel/framework/src/Illuminate/Http/Middleware/TrustProxies.php(39): Illuminate\\Pipeline\\Pipeline->Illuminate\\Pipeline\\{closure}()
#35 /mnt/7A0845450845019D/Work/Laravel/Own/CURRENT/BIMS-LMS/bims-lms/vendor/laravel/framework/src/Illuminate/Pipeline/Pipeline.php(180): Illuminate\\Http\\Middleware\\TrustProxies->handle()
#36 /mnt/7A0845450845019D/Work/Laravel/Own/CURRENT/BIMS-LMS/bims-lms/vendor/laravel/framework/src/Illuminate/Pipeline/Pipeline.php(116): Illuminate\\Pipeline\\Pipeline->Illuminate\\Pipeline\\{closure}()
#37 /mnt/7A0845450845019D/Work/Laravel/Own/CURRENT/BIMS-LMS/bims-lms/vendor/laravel/framework/src/Illuminate/Foundation/Http/Kernel.php(175): Illuminate\\Pipeline\\Pipeline->then()
#38 /mnt/7A0845450845019D/Work/Laravel/Own/CURRENT/BIMS-LMS/bims-lms/vendor/laravel/framework/src/Illuminate/Foundation/Http/Kernel.php(144): Illuminate\\Foundation\\Http\\Kernel->sendRequestThroughRouter()
#39 /mnt/7A0845450845019D/Work/Laravel/Own/CURRENT/BIMS-LMS/bims-lms/public/index.php(51): Illuminate\\Foundation\\Http\\Kernel->handle()
#40 /mnt/7A0845450845019D/Work/Laravel/Own/CURRENT/BIMS-LMS/bims-lms/server.php(21): require_once('...')
#41 {main}
"} 
